<?xml version="1.0" encoding="UTF-8"?>
<testng-results ignored="0" total="1" passed="1" failed="0" skipped="0">
  <reporter-output>
  </reporter-output>
  <suite started-at="2019-12-18T13:26:40 IST" name="Default suite" finished-at="2019-12-18T13:26:51 IST" duration-ms="11480">
    <groups>
    </groups>
    <test started-at="2019-12-18T13:26:40 IST" name="Default test" finished-at="2019-12-18T13:26:51 IST" duration-ms="11480">
      <class name="TestNG.phpTest">
        <test-method is-config="true" signature="launch()[pri:0, instance:TestNG.phpTest@60704c]" started-at="2019-12-18T13:26:40 IST" name="launch" finished-at="2019-12-18T13:26:50 IST" duration-ms="10802" status="PASS">
          <reporter-output>
          </reporter-output>
        </test-method> <!-- launch -->
        <test-method signature="addbookfunc()[pri:0, instance:TestNG.phpTest@60704c]" started-at="2019-12-18T13:26:50 IST" name="addbookfunc" finished-at="2019-12-18T13:26:51 IST" duration-ms="483" status="PASS">
          <reporter-output>
          </reporter-output>
        </test-method> <!-- addbookfunc -->
        <test-method is-config="true" signature="close()[pri:0, instance:TestNG.phpTest@60704c]" started-at="2019-12-18T13:26:51 IST" name="close" finished-at="2019-12-18T13:26:51 IST" duration-ms="144" status="PASS">
          <reporter-output>
          </reporter-output>
        </test-method> <!-- close -->
      </class> <!-- TestNG.phpTest -->
    </test> <!-- Default test -->
  </suite> <!-- Default suite -->
</testng-results>
